<?xml version="1.0" encoding="utf-8"?><testsuites name="pytest tests"><testsuite name="pytest" errors="0" failures="0" skipped="0" tests="12" time="99.570" timestamp="2026-08-08T09:01:15.728376+00:00" hostname="agent-env-d43b3df2-aa04-41c1-87b1-6ec81ab29ea1"><testcase classname="tests.test_model_selection.TestModelsEndpoint" name="test_models_public_no_auth" time="0.254" /><testcase classname="tests.test_model_selection.TestModelsEndpoint" name="test_models_endpoint_ignores_auth_header" time="0.138" /><testcase classname="tests.test_model_selection.TestSeededUserLogin" name="test_login_seeded_user" time="0.369" /><testcase classname="tests.test_model_selection.TestPreferences" name="test_patch_requires_auth" time="0.032" /><testcase classname="tests.test_model_selection.TestPreferences" name="test_patch_invalid_model_400" time="0.073" /><testcase classname="tests.test_model_selection.TestPreferences" name="test_patch_valid_model_persists" time="0.145" /><testcase classname="tests.test_model_selection.TestAnalyzeModel" name="test_analyze_explicit_haiku" time="16.036" /><testcase classname="tests.test_model_selection.TestAnalyzeModel" name="test_analyze_omitted_falls_back_to_preferred" time="19.283" /><testcase classname="tests.test_model_selection.TestAnalyzeModel" name="test_analyze_invalid_model_soft_falls_back" time="17.715" /><testcase classname="tests.test_model_selection.TestChatModel" name="test_chat_stream_with_opus" time="5.229" /><testcase classname="tests.test_model_selection.TestFreshUserDefault" name="test_new_user_no_pref_defaults_to_sonnet_4_6" time="40.015" /><testcase classname="tests.test_model_selection.TestZZZTeardown" name="test_cleanup_reset_pref_and_delete_test_projects" time="0.237" /></testsuite></testsuites>